# JRE version: OpenJDK Runtime Environment (8.0_152-b02) (build 1.8.0_152-release-1024-b02)
# Java VM: OpenJDK 64-Bit Server VM (25.152-b02 mixed mode windows-amd64 compressed oops)
Heap:
 PSYoungGen      total 442880K, used 299652K [0x00000000e0000000, 0x0000000100000000, 0x0000000100000000)
  eden space 418304K, 67% used [0x00000000e0000000,0x00000000f14e9010,0x00000000f9880000)
  from space 24576K, 65% used [0x00000000f9880000,0x00000000fa838190,0x00000000fb080000)
  to   space 24576K, 0% used [0x00000000fe800000,0x00000000fe800000,0x0000000100000000)
 ParOldGen       total 124928K, used 47602K [0x00000000a0000000, 0x00000000a7a00000, 0x00000000e0000000)
  object space 124928K, 38% used [0x00000000a0000000,0x00000000a2e7c940,0x00000000a7a00000)
 Metaspace       used 76044K, capacity 79104K, committed 79232K, reserved 1118208K
  class space    used 9859K, capacity 10524K, committed 10624K, reserved 1048576K
GC Heap History (10 events):
Event: 68.481 GC heap before
{Heap before GC invocations=14 (full 3):
 PSYoungGen      total 284672K, used 262144K [0x00000000e0000000, 0x00000000f2c00000, 0x0000000100000000)
  eden space 262144K, 100% used [0x00000000e0000000,0x00000000f0000000,0x00000000f0000000)
  from space 22528K, 0% used [0x00000000f1600000,0x00000000f1600000,0x00000000f2c00000)
  to   space 22528K, 0% used [0x00000000f0000000,0x00000000f0000000,0x00000000f1600000)
 ParOldGen       total 124928K, used 39073K [0x00000000a0000000, 0x00000000a7a00000, 0x00000000e0000000)
  object space 124928K, 31% used [0x00000000a0000000,0x00000000a26285c0,0x00000000a7a00000)
 Metaspace       used 64508K, capacity 66518K, committed 66688K, reserved 1107968K
  class space    used 8520K, capacity 8999K, committed 9088K, reserved 1048576K
Event: 68.620 GC heap after
Heap after GC invocations=14 (full 3):
 PSYoungGen      total 284672K, used 10818K [0x00000000e0000000, 0x00000000f7200000, 0x0000000100000000)
  eden space 262144K, 0% used [0x00000000e0000000,0x00000000e0000000,0x00000000f0000000)
  from space 22528K, 48% used [0x00000000f0000000,0x00000000f0a90a68,0x00000000f1600000)
  to   space 20992K, 0% used [0x00000000f5d80000,0x00000000f5d80000,0x00000000f7200000)
 ParOldGen       total 124928K, used 39081K [0x00000000a0000000, 0x00000000a7a00000, 0x00000000e0000000)
  object space 124928K, 31% used [0x00000000a0000000,0x00000000a262a5c0,0x00000000a7a00000)
 Metaspace       used 64508K, capacity 66518K, committed 66688K, reserved 1107968K
  class space    used 8520K, capacity 8999K, committed 9088K, reserved 1048576K
}
Event: 71.191 GC heap before
{Heap before GC invocations=15 (full 3):
 PSYoungGen      total 284672K, used 272522K [0x00000000e0000000, 0x00000000f7200000, 0x0000000100000000)
  eden space 262144K, 99% used [0x00000000e0000000,0x00000000eff91dd0,0x00000000f0000000)
  from space 22528K, 48% used [0x00000000f0000000,0x00000000f0a90a68,0x00000000f1600000)
  to   space 20992K, 0% used [0x00000000f5d80000,0x00000000f5d80000,0x00000000f7200000)
 ParOldGen       total 124928K, used 39081K [0x00000000a0000000, 0x00000000a7a00000, 0x00000000e0000000)
  object space 124928K, 31% used [0x00000000a0000000,0x00000000a262a5c0,0x00000000a7a00000)
 Metaspace       used 65492K, capacity 67656K, committed 67840K, reserved 1107968K
  class space    used 8654K, capacity 9160K, committed 9216K, reserved 1048576K
Event: 71.290 GC heap after
Heap after GC invocations=15 (full 3):
 PSYoungGen      total 356352K, used 17284K [0x00000000e0000000, 0x00000000f7880000, 0x0000000100000000)
  eden space 335360K, 0% used [0x00000000e0000000,0x00000000e0000000,0x00000000f4780000)
  from space 20992K, 82% used [0x00000000f5d80000,0x00000000f6e612a8,0x00000000f7200000)
  to   space 22528K, 0% used [0x00000000f4780000,0x00000000f4780000,0x00000000f5d80000)
 ParOldGen       total 124928K, used 39089K [0x00000000a0000000, 0x00000000a7a00000, 0x00000000e0000000)
  object space 124928K, 31% used [0x00000000a0000000,0x00000000a262c5c0,0x00000000a7a00000)
 Metaspace       used 65492K, capacity 67656K, committed 67840K, reserved 1107968K
  class space    used 8654K, capacity 9160K, committed 9216K, reserved 1048576K
}
Event: 95.031 GC heap before
{Heap before GC invocations=16 (full 3):
 PSYoungGen      total 356352K, used 352644K [0x00000000e0000000, 0x00000000f7880000, 0x0000000100000000)
  eden space 335360K, 100% used [0x00000000e0000000,0x00000000f4780000,0x00000000f4780000)
  from space 20992K, 82% used [0x00000000f5d80000,0x00000000f6e612a8,0x00000000f7200000)
  to   space 22528K, 0% used [0x00000000f4780000,0x00000000f4780000,0x00000000f5d80000)
 ParOldGen       total 124928K, used 39089K [0x00000000a0000000, 0x00000000a7a00000, 0x00000000e0000000)
  object space 124928K, 31% used [0x00000000a0000000,0x00000000a262c5c0,0x00000000a7a00000)
 Metaspace       used 67548K, capacity 69996K, committed 70144K, reserved 1110016K
  class space    used 8866K, capacity 9428K, committed 9472K, reserved 1048576K
Event: 95.199 GC heap after
Heap after GC invocations=16 (full 3):
 PSYoungGen      total 357888K, used 13266K [0x00000000e0000000, 0x00000000fca00000, 0x0000000100000000)
  eden space 335360K, 0% used [0x00000000e0000000,0x00000000e0000000,0x00000000f4780000)
  from space 22528K, 58% used [0x00000000f4780000,0x00000000f54749e8,0x00000000f5d80000)
  to   space 22016K, 0% used [0x00000000fb480000,0x00000000fb480000,0x00000000fca00000)
 ParOldGen       total 124928K, used 47586K [0x00000000a0000000, 0x00000000a7a00000, 0x00000000e0000000)
  object space 124928K, 38% used [0x00000000a0000000,0x00000000a2e78940,0x00000000a7a00000)
 Metaspace       used 67548K, capacity 69996K, committed 70144K, reserved 1110016K
  class space    used 8866K, capacity 9428K, committed 9472K, reserved 1048576K
}
Event: 105.039 GC heap before
{Heap before GC invocations=17 (full 3):
 PSYoungGen      total 357888K, used 348626K [0x00000000e0000000, 0x00000000fca00000, 0x0000000100000000)
  eden space 335360K, 100% used [0x00000000e0000000,0x00000000f4780000,0x00000000f4780000)
  from space 22528K, 58% used [0x00000000f4780000,0x00000000f54749e8,0x00000000f5d80000)
  to   space 22016K, 0% used [0x00000000fb480000,0x00000000fb480000,0x00000000fca00000)
 ParOldGen       total 124928K, used 47586K [0x00000000a0000000, 0x00000000a7a00000, 0x00000000e0000000)
  object space 124928K, 38% used [0x00000000a0000000,0x00000000a2e78940,0x00000000a7a00000)
 Metaspace       used 75737K, capacity 78776K, committed 78848K, reserved 1118208K
  class space    used 9836K, capacity 10490K, committed 10496K, reserved 1048576K
Event: 105.152 GC heap after
Heap after GC invocations=17 (full 3):
 PSYoungGen      total 438272K, used 20249K [0x00000000e0000000, 0x00000000fc880000, 0x0000000100000000)
  eden space 417792K, 0% used [0x00000000e0000000,0x00000000e0000000,0x00000000f9800000)
  from space 20480K, 98% used [0x00000000fb480000,0x00000000fc846498,0x00000000fc880000)
  to   space 24576K, 0% used [0x00000000f9880000,0x00000000f9880000,0x00000000fb080000)
 ParOldGen       total 124928K, used 47594K [0x00000000a0000000, 0x00000000a7a00000, 0x00000000e0000000)
  object space 124928K, 38% used [0x00000000a0000000,0x00000000a2e7a940,0x00000000a7a00000)
 Metaspace       used 75737K, capacity 78776K, committed 78848K, reserved 1118208K
  class space    used 9836K, capacity 10490K, committed 10496K, reserved 1048576K
}
Event: 108.975 GC heap before
{Heap before GC invocations=18 (full 3):
 PSYoungGen      total 438272K, used 438041K [0x00000000e0000000, 0x00000000fc880000, 0x0000000100000000)
  eden space 417792K, 100% used [0x00000000e0000000,0x00000000f9800000,0x00000000f9800000)
  from space 20480K, 98% used [0x00000000fb480000,0x00000000fc846498,0x00000000fc880000)
  to   space 24576K, 0% used [0x00000000f9880000,0x00000000f9880000,0x00000000fb080000)
 ParOldGen       total 124928K, used 47594K [0x00000000a0000000, 0x00000000a7a00000, 0x00000000e0000000)
  object space 124928K, 38% used [0x00000000a0000000,0x00000000a2e7a940,0x00000000a7a00000)
 Metaspace       used 75964K, capacity 79026K, committed 79232K, reserved 1118208K
  class space    used 9859K, capacity 10523K, committed 10624K, reserved 1048576K
Event: 109.102 GC heap after
Heap after GC invocations=18 (full 3):
 PSYoungGen      total 442880K, used 16096K [0x00000000e0000000, 0x0000000100000000, 0x0000000100000000)
  eden space 418304K, 0% used [0x00000000e0000000,0x00000000e0000000,0x00000000f9880000)
  from space 24576K, 65% used [0x00000000f9880000,0x00000000fa838190,0x00000000fb080000)
  to   space 24576K, 0% used [0x00000000fe800000,0x00000000fe800000,0x0000000100000000)
 ParOldGen       total 124928K, used 47602K [0x00000000a0000000, 0x00000000a7a00000, 0x00000000e0000000)
  object space 124928K, 38% used [0x00000000a0000000,0x00000000a2e7c940,0x00000000a7a00000)
 Metaspace       used 75964K, capacity 79026K, committed 79232K, reserved 1118208K
  class space    used 9859K, capacity 10523K, committed 10624K, reserved 1048576K
}

